<?xml version="1.0" encoding="UTF-8"?>
<testng-results ignored="0" total="1" passed="1" failed="0" skipped="0">
  <reporter-output>
  </reporter-output>
  <suite started-at="2022-05-30T16:10:37 IST" name="Default suite" finished-at="2022-05-30T16:10:37 IST" duration-ms="159">
    <groups>
    </groups>
    <test started-at="2022-05-30T16:10:37 IST" name="Default test" finished-at="2022-05-30T16:10:37 IST" duration-ms="159">
      <class name="stringProgramm.StringRev">
        <test-method signature="man()[pri:0, instance:stringProgramm.StringRev@40cb8df7]" started-at="2022-05-30T16:10:37 IST" name="man" finished-at="2022-05-30T16:10:37 IST" duration-ms="33" status="PASS">
          <reporter-output>
          </reporter-output>
        </test-method> <!-- man -->
      </class> <!-- stringProgramm.StringRev -->
    </test> <!-- Default test -->
  </suite> <!-- Default suite -->
</testng-results>
